\BOOKMARK [1][-]{section*.1}{\376\377\144\130\000\040\211\201}{}% 1
\BOOKMARK [1][-]{section*.2}{\376\377\000A\000B\000S\000T\000R\000A\000C\000T}{}% 2
\BOOKMARK [1][-]{section*.3}{\376\377\173\046\123\367\124\214\177\051\165\145\213\355\213\364\146\016}{}% 3
\BOOKMARK [1][-]{section.1}{\376\377\176\352\213\272}{}% 4
\BOOKMARK [2][-]{subsection.1.1}{\376\377\170\024\172\166\200\314\146\157\123\312\141\017\116\111}{section.1}% 5
\BOOKMARK [2][-]{subsection.1.2}{\376\377\126\375\121\205\131\026\170\024\172\166\163\260\162\266}{section.1}% 6
\BOOKMARK [2][-]{subsection.1.3}{\376\377\147\054\145\207\166\204\116\073\211\201\170\024\172\166\121\205\133\271}{section.1}% 7
\BOOKMARK [2][-]{subsection.1.4}{\376\377\147\054\145\207\166\204\176\304\176\307\176\323\147\204}{section.1}% 8
\BOOKMARK [1][-]{section.2}{\376\377\127\372\116\216\000C\000o\000n\000v\000N\000e\000X\000t\000\040\000V\0002\166\204\000R\000H\000E\000E\000D\126\376\120\317\122\006\174\173\170\024\172\166}{}% 9
\BOOKMARK [2][-]{subsection.2.1}{\376\377\137\025\212\000}{section.2}% 10
\BOOKMARK [2][-]{subsection.2.2}{\376\377\000C\000o\000n\000v\000N\000e\000X\000t\000\040\000V\0002\173\227\154\325}{section.2}% 11
\BOOKMARK [3][-]{subsubsection.2.2.1}{\376\377\000F\000C\000M\000A\000E\201\352\166\321\167\143\230\204\213\255\176\303}{subsection.2.2}% 12
\BOOKMARK [3][-]{subsubsection.2.2.2}{\376\377\000G\000R\000N\147\072\122\066}{subsection.2.2}% 13
\BOOKMARK [2][-]{subsection.2.3}{\376\377\145\160\143\156\226\306}{section.2}% 14
\BOOKMARK [3][-]{subsubsection.2.3.1}{\376\377\145\160\143\156\226\306\147\204\136\372}{subsection.2.3}% 15
\BOOKMARK [3][-]{subsubsection.2.3.2}{\376\377\145\160\143\156\230\204\131\004\164\006}{subsection.2.3}% 16
\BOOKMARK [2][-]{subsection.2.4}{\376\377\133\236\232\214\213\276\177\156}{section.2}% 17
\BOOKMARK [3][-]{subsubsection.2.4.1}{\376\377\145\160\143\156\226\306\122\022\122\006}{subsection.2.4}% 18
\BOOKMARK [3][-]{subsubsection.2.4.2}{\376\377\133\371\153\324\145\271\154\325}{subsection.2.4}% 19
\BOOKMARK [2][-]{subsection.2.5}{\376\377\133\236\232\214\217\307\172\013\116\016\133\236\232\214\176\323\147\234\122\006\147\220}{section.2}% 20
\BOOKMARK [3][-]{subsubsection.2.5.1}{\376\377\127\372\116\216\000F\000C\000M\000A\000E\166\204\201\352\166\321\167\143\230\204\213\255\176\303}{subsection.2.5}% 21
\BOOKMARK [3][-]{subsubsection.2.5.2}{\376\377\127\372\116\216\000I\000m\000a\000g\000e\000N\000e\000t\147\103\221\315\116\013\166\204\116\015\124\014\122\006\174\173\145\271\154\325}{subsection.2.5}% 22
\BOOKMARK [3][-]{subsubsection.2.5.3}{\376\377\127\372\116\216\000C\000o\000n\000v\000N\000e\000X\000t\000\040\000V\0002\166\204\116\015\124\014\122\035\131\313\123\026\147\103\221\315}{subsection.2.5}% 23
\BOOKMARK [3][-]{subsubsection.2.5.4}{\376\377\133\236\232\214\176\323\147\234\122\006\147\220}{subsection.2.5}% 24
\BOOKMARK [2][-]{subsection.2.6}{\376\377\147\054\172\340\134\017\176\323}{section.2}% 25
\BOOKMARK [1][-]{section.3}{\376\377\127\372\116\216\000R\000T\000-\000D\000E\000T\000R\000v\0002\166\204\000R\000H\000E\000E\000D\147\141\176\271\116\016\145\221\160\271\150\300\155\113\173\227\154\325}{}% 26
\BOOKMARK [2][-]{subsection.3.1}{\376\377\155\101\172\013\116\313\176\315}{section.3}% 27
\BOOKMARK [2][-]{subsection.3.2}{\376\377\146\023\131\015\163\260\140\047\116\016\135\345\172\013\133\236\163\260}{section.3}% 28
\BOOKMARK [2][-]{subsection.3.3}{\376\377\000D\000i\000f\000f\000u\000s\000i\000o\000n\000D\000e\000t\117\134\116\072\147\052\147\145\142\323\134\125\135\345\117\134}{section.3}% 29
\BOOKMARK [2][-]{subsection.3.4}{\376\377\133\236\232\214\213\276\213\241}{section.3}% 30
\BOOKMARK [2][-]{subsection.3.5}{\376\377\133\236\232\214\176\323\147\234\122\006\147\220}{section.3}% 31
\BOOKMARK [3][-]{subsubsection.3.5.1}{\376\377\116\316\131\064\230\204\213\255\176\303\121\163\225\056\211\302\155\113\120\074\377\010\165\050\116\216\123\357\211\306\123\026\377\011}{subsection.3.5}% 32
\BOOKMARK [3][-]{subsubsection.3.5.2}{\376\377\232\214\213\301\226\306\150\300\155\113\176\323\147\234}{subsection.3.5}% 33
\BOOKMARK [3][-]{subsubsection.3.5.3}{\376\377\155\113\213\325\226\306\150\300\155\113\176\323\147\234\377\010\000r\000o\000u\000g\000h\176\337\213\241\377\011}{subsection.3.5}% 34
\BOOKMARK [2][-]{subsection.3.6}{\376\377\147\054\172\340\134\017\176\323}{section.3}% 35
\BOOKMARK [1][-]{section.4}{\376\377\140\073\176\323\116\016\134\125\147\033}{}% 36
\BOOKMARK [2][-]{subsection.4.1}{\376\377\170\024\172\166\121\205\133\271\140\073\176\323}{section.4}% 37
\BOOKMARK [2][-]{subsection.4.2}{\376\377\147\052\147\145\135\345\117\134\134\125\147\033}{section.4}% 38
\BOOKMARK [1][-]{section*.28}{\376\377\123\302\200\003\145\207\163\056}{}% 39
\BOOKMARK [1][-]{section*.29}{\376\377\201\364\000\040\214\042}{}% 40
\BOOKMARK [1][-]{section*.30}{\376\377\145\073\213\373\170\125\130\353\133\146\117\115\147\037\225\364\166\204\170\024\172\166\142\020\147\234}{}% 41
